Arguments: 
  /Users/dujar/.nvm/versions/node/v16.14.2/bin/node /usr/local/Cellar/yarn/1.22.18/libexec/bin/yarn.js

PATH: 
  /Users/dujar/.local/share/solana/install/active_release/bin:/Users/dujar/.cargo/bin:/Users/dujar/.nvm/versions/node/v16.14.2/bin:/usr/bin:/bin:/usr/sbin:/sbin:/Users/dujar/bin:/usr/local/bin:/Users/dujar/.local/share/solana/install/active_release/bin:/Users/dujar/.cargo/bin:/usr/local/bin:/usr/bin:/bin:/usr/sbin:/sbin:/usr/local/share/dotnet:~/.dotnet/tools:/Library/Apple/usr/bin

Yarn version: 
  1.22.18

Node version: 
  16.14.2

Platform: 
  darwin x64

Trace: 
  Error: getaddrinfo ENOTFOUND registry.yarnpkg.com
      at GetAddrInfoReqWrap.onlookup [as oncomplete] (node:dns:71:26)

npm manifest: 
  {
    "name": "progimage",
    "version": "1.0.0",
    "main": "index.js",
    "author": "fab",
    "license": "MIT",
    "engines": {
      "node": ">=14.0.0"
    },
    "scripts": {
      "setup": "./docker-services.sh",
      "test": "tsc jest.config.ts && jest --config jest.config.js",
      "start": "ts-node src"
    },
    "dependencies": {
      "@koa/multer": "^3.0.0",
      "@koa/router": "^10.1.1",
      "axios": "^0.27.2",
      "form-data": "^4.0.0",
      "koa": "^2.13.4",
      "koa-better-body": "^3.3.9",
      "koa-body": "^5.0.0",
      "koa-bodyparser": "^4.3.0",
      "koa-busboy": "^1.2.0",
      "lodash": "^4.17.21",
      "pg": "^8.7.3",
      "png-to-jpeg": "^1.0.1",
      "reflect-metadata": "^0.1.13",
      "typeorm": "^0.3.6",
      "uuid": "^8.3.2"
    },
    "devDependencies": {
      "@types/koa": "^2.13.4",
      "@types/koa-better-body": "^3.3.3",
      "@types/koa-bodyparser": "^4.3.7",
      "@types/koa__router": "^8.0.11",
      "@types/lodash": "^4.14.182",
      "@types/node": "^17.0.35",
      "@types/uuid": "^8.3.4",
      "@types/jest": "^27.5.1",
      "jest": "^28.1.0",
      "ts-jest": "^28.0.3",
      "ts-node": "^10.8.0",
      "ts-node-dev": "^1.1.8",
      "typescript": "^4.7.2"
    }
  }

yarn manifest: 
  No manifest

Lockfile: 
  No lockfile
